<?xml version="1.0" encoding="UTF-8"?>
<!-- Generated by org.testng.reporters.JUnitReportReporter -->
<testsuite hostname="lap_aalshi" failures="0" tests="1" name="setup.Setup" time="3.847" errors="0" timestamp="2024-02-07T21:46:07 IST" skipped="0">
  <testcase classname="setup.Setup" name="setup" time="3.847"/>
  <system-out/>
</testsuite> <!-- setup.Setup -->
